OMP_NUM_THREADS=1
Loop 1 check: Sum of a is -53.257602
Total time for 1000 reps of loop 1 = 7.718402
Loop 2 check: Sum of c is -17301561.982231
Total time for 1000 reps of loop 2 = 20.669090
----------
OMP_NUM_THREADS=2
Loop 1 check: Sum of a is -53.257602
Total time for 1000 reps of loop 1 = 3.922336
Loop 2 check: Sum of c is -17301561.982231
Total time for 1000 reps of loop 2 = 16.080200
----------
OMP_NUM_THREADS=4
Loop 1 check: Sum of a is -53.257602
Total time for 1000 reps of loop 1 = 1.958177
Loop 2 check: Sum of c is -17301561.982231
Total time for 1000 reps of loop 2 = 12.403522
----------
OMP_NUM_THREADS=6
Loop 1 check: Sum of a is -53.257602
Total time for 1000 reps of loop 1 = 1.329668
Loop 2 check: Sum of c is -17301561.982231
Total time for 1000 reps of loop 2 = 8.766901
----------
OMP_NUM_THREADS=8
Loop 1 check: Sum of a is -53.257602
Total time for 1000 reps of loop 1 = 1.021737
Loop 2 check: Sum of c is -17301561.982231
Total time for 1000 reps of loop 2 = 4.979182
----------
OMP_NUM_THREADS=12
Loop 1 check: Sum of a is -53.257602
Total time for 1000 reps of loop 1 = 0.744865
Loop 2 check: Sum of c is -17301561.982231
Total time for 1000 reps of loop 2 = 2.338658
----------
OMP_NUM_THREADS=16
Loop 1 check: Sum of a is -53.257602
Total time for 1000 reps of loop 1 = 0.597382
Loop 2 check: Sum of c is -17301561.982231
Total time for 1000 reps of loop 2 = 1.649088
----------
OMP_NUM_THREADS=24
Loop 1 check: Sum of a is -53.257602
Total time for 1000 reps of loop 1 = 0.637098
Loop 2 check: Sum of c is -17301561.982231
Total time for 1000 reps of loop 2 = 3.095174
----------
OMP_NUM_THREADS=32
Loop 1 check: Sum of a is -53.257602
Total time for 1000 reps of loop 1 = 0.780703
Loop 2 check: Sum of c is -17301561.982231
Total time for 1000 reps of loop 2 = 6.830760
----------
